2025-03-06 19:34:06 [main] INFO  api.test.UserTest - Creating user
2025-03-06 19:34:12 [main] INFO  api.test.UserTest - User Created
2025-03-06 19:34:12 [main] INFO  api.test.UserTest - Getting user info
2025-03-06 19:34:13 [main] INFO  api.test.UserTest - Updating  user
2025-03-06 19:34:14 [main] INFO  api.test.UserTest - USer updated
2025-03-06 19:34:14 [main] INFO  api.test.UserTest - Deleting user
2025-03-06 19:34:15 [main] INFO  api.test.UserTest - User deleted
2025-03-07 15:09:11 [main] INFO  api.test.UserTest2 - Creating user
2025-03-07 15:09:17 [main] INFO  api.test.UserTest2 - User Created
2025-03-07 15:09:17 [main] INFO  api.test.UserTest2 - Getting user info
2025-03-07 15:09:18 [main] INFO  api.test.UserTest2 - Updating  user
2025-03-07 15:09:19 [main] INFO  api.test.UserTest2 - Deleting user
2025-03-07 15:09:20 [main] INFO  api.test.UserTest2 - User deleted
2025-03-07 15:18:46 [main] INFO  api.test.UserTest - Creating user
2025-03-07 15:18:53 [main] INFO  api.test.UserTest - User Created
2025-03-07 15:18:53 [main] INFO  api.test.UserTest - Getting user info
2025-03-07 15:18:54 [main] INFO  api.test.UserTest - Got user info
2025-03-07 15:18:54 [main] INFO  api.test.UserTest - Updating  user
2025-03-07 15:18:55 [main] INFO  api.test.UserTest - Deleting user
2025-03-07 15:24:48 [main] INFO  api.test.UserTest2 - Creating user
2025-03-07 15:24:54 [main] INFO  api.test.UserTest2 - User Created
2025-03-07 15:24:54 [main] INFO  api.test.UserTest2 - Getting user info
2025-03-07 15:24:54 [main] INFO  api.test.UserTest2 - Updating  user
2025-03-07 15:24:56 [main] INFO  api.test.UserTest2 - USer updated
2025-03-07 15:24:56 [main] INFO  api.test.UserTest2 - Deleting user
2025-03-07 15:24:57 [main] INFO  api.test.UserTest2 - User deleted
2025-03-07 15:26:43 [main] INFO  api.test.UserTest2 - Creating user
2025-03-07 15:26:49 [main] INFO  api.test.UserTest2 - User Created
2025-03-07 15:26:59 [main] INFO  api.test.UserTest2 - Getting user info
2025-03-07 15:27:00 [main] INFO  api.test.UserTest2 - Got user info
2025-03-07 15:27:10 [main] INFO  api.test.UserTest2 - Updating  user
2025-03-07 15:27:21 [main] INFO  api.test.UserTest2 - Deleting user
2025-03-07 16:14:08 [main] INFO  api.test.UserTest2 - Creating user
2025-03-07 16:14:16 [main] INFO  api.test.UserTest2 - User Created
2025-03-07 16:14:26 [main] INFO  api.test.UserTest2 - Getting user info
2025-03-07 16:14:27 [main] INFO  api.test.UserTest2 - Got user info
2025-03-07 16:14:37 [main] INFO  api.test.UserTest2 - Updating  user
2025-03-07 16:14:39 [main] INFO  api.test.UserTest2 - USer updated
2025-03-07 16:14:49 [main] INFO  api.test.UserTest2 - Deleting user
2025-03-07 16:14:50 [main] INFO  api.test.UserTest2 - User deleted
2025-03-08 18:44:53 [main] INFO  api.test.UserTest2 - Creating user
2025-03-08 18:44:59 [main] INFO  api.test.UserTest2 - User Created
2025-03-08 18:45:09 [main] INFO  api.test.UserTest2 - Getting user info
2025-03-08 18:45:10 [main] INFO  api.test.UserTest2 - Got user info
2025-03-08 18:45:20 [main] INFO  api.test.UserTest2 - Updating  user
2025-03-08 18:45:21 [main] INFO  api.test.UserTest2 - USer updated
2025-03-08 18:45:31 [main] INFO  api.test.UserTest2 - Deleting user
2025-03-08 18:45:32 [main] INFO  api.test.UserTest2 - User deleted
2025-03-16 16:08:10 [main] INFO  api.test.UserTest - Creating user
2025-03-16 16:08:23 [main] INFO  api.test.UserTest - User Created
2025-03-16 16:08:23 [main] INFO  api.test.UserTest - Getting user info
2025-03-16 16:08:24 [main] INFO  api.test.UserTest - Got user info
2025-03-16 16:08:24 [main] INFO  api.test.UserTest - Updating  user
2025-03-16 16:08:26 [main] INFO  api.test.UserTest - USer updated
2025-03-16 16:08:26 [main] INFO  api.test.UserTest - Deleting user
2025-03-16 16:08:26 [main] INFO  api.test.UserTest - User deleted
2025-03-16 16:08:27 [main] INFO  api.test.UserTest2 - Creating user
2025-03-16 16:08:28 [main] INFO  api.test.UserTest2 - User Created
2025-03-16 16:08:38 [main] INFO  api.test.UserTest2 - Getting user info
2025-03-16 16:08:48 [main] INFO  api.test.UserTest2 - Updating  user
2025-03-16 16:08:50 [main] INFO  api.test.UserTest2 - USer updated
2025-03-16 16:09:00 [main] INFO  api.test.UserTest2 - Deleting user
2025-03-16 16:09:01 [main] INFO  api.test.UserTest2 - User deleted
2025-03-16 16:11:03 [main] INFO  api.test.UserTest2 - Creating user
2025-03-16 16:11:10 [main] INFO  api.test.UserTest2 - User Created
2025-03-16 16:11:20 [main] INFO  api.test.UserTest2 - Getting user info
2025-03-16 16:11:31 [main] INFO  api.test.UserTest2 - Updating  user
2025-03-16 16:11:32 [main] INFO  api.test.UserTest2 - USer updated
2025-03-16 16:11:42 [main] INFO  api.test.UserTest2 - Deleting user
2025-03-16 16:11:43 [main] INFO  api.test.UserTest2 - User deleted
2025-03-16 16:16:42 [main] INFO  api.test.UserTest2 - Creating user
2025-03-16 16:16:48 [main] INFO  api.test.UserTest2 - User Created
2025-03-16 16:16:58 [main] INFO  api.test.UserTest2 - Getting user (herb.gottlieb) info
2025-03-16 16:16:59 [main] INFO  api.test.UserTest2 - Got user info
2025-03-16 16:17:09 [main] INFO  api.test.UserTest2 - Updating  user (herb.gottlieb)
2025-03-16 16:17:10 [main] INFO  api.test.UserTest2 - USer updated
2025-03-16 16:17:20 [main] INFO  api.test.UserTest2 - Deleting user (herb.gottlieb)
2025-03-16 16:17:21 [main] INFO  api.test.UserTest2 - User deleted
2025-03-16 16:20:10 [main] INFO  api.test.UserTest2 - Creating user
2025-03-16 16:20:18 [main] INFO  api.test.UserTest2 - User Created
2025-03-16 16:20:28 [main] INFO  api.test.UserTest2 - Getting user (delma.mueller) info
2025-03-16 16:20:39 [main] INFO  api.test.UserTest2 - Updating  user (delma.mueller)
2025-03-16 16:20:51 [main] INFO  api.test.UserTest2 - Deleting user (delma.mueller)
2025-03-16 16:22:26 [main] INFO  api.test.UserTest2 - Creating user
2025-03-16 16:22:33 [main] INFO  api.test.UserTest2 - User Created
2025-03-16 16:22:43 [main] INFO  api.test.UserTest2 - Getting user (leonida.daniel) info
2025-03-16 16:22:54 [main] INFO  api.test.UserTest2 - Updating  user (leonida.daniel)
2025-03-16 16:22:55 [main] INFO  api.test.UserTest2 - USer updated
2025-03-16 16:23:05 [main] INFO  api.test.UserTest2 - Deleting user (leonida.daniel)
2025-03-16 16:23:06 [main] INFO  api.test.UserTest2 - User deleted
